<?xml version="1.0" encoding="UTF-8"?>
<!-- Generated by org.testng.reporters.JUnitReportReporter -->
<testsuite hostname="DESKTOP-OSNQHCI" failures="0" tests="1" name="testCases.TC001_AccountRegistrationTest" time="2.559" errors="0" timestamp="2024-08-23T22:33:48 PDT" skipped="0">
  <testcase classname="testCases.TC001_AccountRegistrationTest" name="verify_Account_Registration" time="2.559"/>
</testsuite> <!-- testCases.TC001_AccountRegistrationTest -->
