<?xml version="1.0" encoding="UTF-8"?>
<!-- Generated by org.testng.reporters.JUnitReportReporter -->
<testsuite hostname="DESKTOP-OSNQHCI" failures="0" tests="1" name="testBase.TC001_AccountRegistrationTest" time="2.609" errors="0" timestamp="2024-08-21T15:30:57 PDT" skipped="0">
  <testcase classname="testBase.TC001_AccountRegistrationTest" name="verify_Account_Registration" time="2.609"/>
</testsuite> <!-- testBase.TC001_AccountRegistrationTest -->
