<?xml version="1.0" encoding="UTF-8"?>
<!-- Generated by org.testng.reporters.JUnitReportReporter -->
<testsuite hostname="DESKTOP-OSNQHCI" failures="0" tests="1" name="testCases.TC002_LoginTest" time="2.529" errors="0" timestamp="2024-08-23T22:55:40 PDT" skipped="0">
  <testcase classname="testCases.TC002_LoginTest" name="verify_Login" time="2.529"/>
</testsuite> <!-- testCases.TC002_LoginTest -->
